Arguments: 
  C:\Program Files\nodejs\node.exe C:\Program Files (x86)\Yarn\bin\yarn.js

PATH: 
  C:\ProgramData\Oracle\Java\javapath;C:\Windows\system32;C:\Windows;C:\Windows\System32\Wbem;C:\Windows\System32\WindowsPowerShell\v1.0\;C:\Program Files (x86)\Enterprise Vault\EVClient\;C:\Program Files (x86)\WebEx\Productivity Tools;C:\Program Files (x86)\Sennheiser\SoftphoneSDK\;C:\Program Files\Git\cmd;C:\ProgramData\chocolatey\bin;C:\Program Files\Java\jdk1.8.0_102\bin;C:\Program Files\nodejs\;C:\Program Files (x86)\Yarn\bin;C:\Users\gestj\AppData\Local\Android\android-sdk\tools;C:\Users\gestj\AppData\Local\Android\android-sdk\platform-tools;C:\Users\gestj\AppData\Roaming\npm;C:\Users\gestj\AppData\Local\Yarn\.bin

Yarn version: 
  0.16.0

Node version: 
  7.1.0

Platform: 
  win32 x64

npm manifest: 
  {
    "name": "gear-deposit",
    "version": "1.0.0-alpha.2",
    "license": "MIT",
    "description": "",
    "author": "Johannes Gest <Johannes.Gest@haufe-lexware.com>",
    "homepage": "http://www.jdav-freiburg.de/",
    "keywords": [
      "angular2",
      "webpack",
      "typescript"
    ],
    "angular-cli": {},
    "scripts": {
      "setup:db": "node scripts/data.import.js",
      "start": "ng serve",
      "lint": "tslint \"src/**/*.ts\"",
      "test": "ng test",
      "pree2e": "webdriver-manager update",
      "e2e": "protractor"
    },
    "private": true,
    "dependencies": {
      "@angular/common": "~2.1.0",
      "@angular/compiler": "~2.1.0",
      "@angular/core": "~2.1.0",
      "@angular/forms": "~2.1.0",
      "@angular/http": "~2.1.0",
      "@angular/platform-browser": "~2.1.0",
      "@angular/platform-browser-dynamic": "~2.1.0",
      "@angular/router": "~3.1.0",
      "angularfire2": "^2.0.0-beta.5",
      "bootstrap": "^4.0.0-alpha.5",
      "bootstrap-loader": "^2.0.0-beta.12",
      "resolve-url-loader": "^1.6.0",
      "core-js": "^2.4.1",
      "rxjs": "^5.0.0-rc.1",
      "ts-helpers": "^1.1.1",
      "zone.js": "^0.6.23"
    },
    "devDependencies": {
      "@types/jasmine": "^2.2.30",
      "@types/node": "^6.0.42",
      "angular-cli": "1.0.0-beta.19-3",
      "codelyzer": "1.0.0-beta.1",
      "jasmine-core": "2.4.1",
      "jasmine-spec-reporter": "2.5.0",
      "karma": "1.2.0",
      "karma-chrome-launcher": "^2.0.0",
      "karma-cli": "^1.0.1",
      "karma-jasmine": "^1.0.2",
      "karma-remap-istanbul": "^0.2.1",
      "protractor": "4.0.9",
      "ts-node": "1.2.1",
      "tslint": "3.13.0",
      "typescript": "~2.0.3",
      "webdriver-manager": "10.2.5"
    },
    "repository": {
      "type": "git",
      "url": "https://github.com/jdav-freiburg/gear-deposit.git"
    },
    "bugs": {
      "url": "https://github.com/jdav-freiburg/gear-deposit/issues"
    }
  }

yarn manifest: 
  No manifest

bower manifest: 
  No manifest

Lockfile: 
  No lockfile

Trace: 
  Error: ENOENT: no such file or directory, open 'C:\_dev\_workspace\jdav\gear-deposit\node_modules\@types\jasmine\types-metadata.json'
